<?xml version="1.0" encoding="UTF-8"?>
<!-- Generated by org.testng.reporters.JUnitXMLReporter -->
<testsuite hostname="HoangTV" ignored="0" name="simple test" tests="6" failures="1" timestamp="14 Oct 2018 05:02:30 GMT" time="0.048" errors="0">
  <testcase name="mulTest" time="0.004" classname="test.java.CalculationTest"/>
  <testcase name="subTest" time="0.0" classname="test.java.CalculationTest"/>
  <testcase name="sumTest" time="0.0" classname="test.java.CalculationTest"/>
  <testcase name="sumTest" time="0.001" classname="test.java.CalculationTest"/>
  <testcase name="sumTest" time="0.0" classname="test.java.CalculationTest"/>
  <testcase name="sumTest" time="0.001" classname="test.java.CalculationTest">
    <failure type="java.lang.AssertionError" message="expected [11] but found [10]">
      <![CDATA[java.lang.AssertionError: expected [11] but found [10]
at test.java.CalculationTest.sumTest(CalculationTest.java:30)
... Removed 35 stack frames]]>
    </failure>
  </testcase> <!-- sumTest -->
</testsuite> <!-- simple test -->
